-------------------------------------------------------------------------------
Test set: com.walmart.det.brewcoffeeservice.controller.BrewCoffeeControllerTest
-------------------------------------------------------------------------------
Tests run: 1, Failures: 0, Errors: 1, Skipped: 0, Time elapsed: 0 s <<< FAILURE! - in com.walmart.det.brewcoffeeservice.controller.BrewCoffeeControllerTest
initializationError(com.walmart.det.brewcoffeeservice.controller.BrewCoffeeControllerTest)  Time elapsed: 0 s  <<< ERROR!
java.lang.Exception: No runnable methods

